[debug] [2020-12-06T04:19:07.102Z] ----------------------------------------------------------------------
[debug] [2020-12-06T04:19:07.106Z] Command:       C:\Program Files\nodejs\node.exe C:\Users\Busayo\AppData\Roaming\npm\node_modules\firebase-tools\lib\bin\firebase.js emulators:start
[debug] [2020-12-06T04:19:07.107Z] CLI Version:   8.17.0
[debug] [2020-12-06T04:19:07.107Z] Platform:      win32
[debug] [2020-12-06T04:19:07.107Z] Node Version:  v14.15.1
[debug] [2020-12-06T04:19:07.109Z] Time:          Sun Dec 06 2020 05:19:07 GMT+0100 (West Africa Standard Time)
[debug] [2020-12-06T04:19:07.110Z] ----------------------------------------------------------------------
[debug] [2020-12-06T04:19:07.110Z] 
[debug] [2020-12-06T04:19:07.127Z] > command requires scopes: ["email","openid","https://www.googleapis.com/auth/cloudplatformprojects.readonly","https://www.googleapis.com/auth/firebase","https://www.googleapis.com/auth/cloud-platform"]
[debug] [2020-12-06T04:19:07.128Z] > authorizing via signed-in user
[info] i  emulators: Starting emulators: functions, hosting {"metadata":{"emulator":{"name":"hub"},"message":"Starting emulators: functions, hosting"}}
[warn] !  emulators: It seems that you are running multiple instances of the emulator suite for project clone-1b332. This may result in unexpected behavior. 
[debug] [2020-12-06T04:19:07.188Z] [hub] writing locator at C:\Users\Busayo\AppData\Local\Temp\hub-clone-1b332.json
[warn] !  functions: The following emulators are not running, calls to these services from the Functions emulator will affect production: auth, firestore, database, pubsub {"metadata":{"emulator":{"name":"functions"},"message":"The following emulators are not running, calls to these services from the Functions emulator will affect production: \u001b[1mauth, firestore, database, pubsub\u001b[22m"}}
[warn] !  Your requested "node" version "12" doesn't match your global version "14" {"metadata":{"emulator":{"name":"functions"},"message":"Your requested \"node\" version \"12\" doesn't match your global version \"14\""}}
[debug] [2020-12-06T04:19:07.261Z] defaultcredentials: writing to file C:\Users\Busayo\AppData\Roaming\firebase\fanimokunbusayo_gmail_com_application_default_credentials.json
[debug] [2020-12-06T04:19:07.267Z] Setting GAC to C:\Users\Busayo\AppData\Roaming\firebase\fanimokunbusayo_gmail_com_application_default_credentials.json {"metadata":{"emulator":{"name":"functions"},"message":"Setting GAC to C:\\Users\\Busayo\\AppData\\Roaming\\firebase\\fanimokunbusayo_gmail_com_application_default_credentials.json"}}
[debug] [2020-12-06T04:19:07.287Z] >>> HTTP REQUEST GET https://firebase.googleapis.com/v1beta1/projects/clone-1b332/webApps/-/config  
 
[debug] [2020-12-06T04:19:08.408Z] <<< HTTP RESPONSE 200 {"content-type":"application/json; charset=UTF-8","vary":"X-Origin, Referer, Origin,Accept-Encoding","date":"Sun, 06 Dec 2020 04:19:09 GMT","server":"ESF","cache-control":"private","x-xss-protection":"0","x-frame-options":"SAMEORIGIN","x-content-type-options":"nosniff","alt-svc":"h3-29=\":443\"; ma=2592000,h3-T051=\":443\"; ma=2592000,h3-Q050=\":443\"; ma=2592000,h3-Q046=\":443\"; ma=2592000,h3-Q043=\":443\"; ma=2592000,quic=\":443\"; ma=2592000; v=\"46,43\"","accept-ranges":"none","transfer-encoding":"chunked"}
[info] i  hosting: Serving hosting files from: build {"metadata":{"emulator":{"name":"hosting"},"message":"Serving hosting files from: \u001b[1mbuild\u001b[22m"}}
[info] +  hosting: Local server: http://localhost:5000 {"metadata":{"emulator":{"name":"hosting"},"message":"Local server: \u001b[4m\u001b[1mhttp://localhost:5000\u001b[22m\u001b[24m"}}
[debug] [2020-12-06T04:19:08.483Z] Ignoring unsupported arg: auto_download {"metadata":{"emulator":{"name":"ui"},"message":"Ignoring unsupported arg: auto_download"}}
[debug] [2020-12-06T04:19:08.484Z] Ignoring unsupported arg: port {"metadata":{"emulator":{"name":"ui"},"message":"Ignoring unsupported arg: port"}}
[debug] [2020-12-06T04:19:08.485Z] Starting Emulator UI with command {"binary":"node","args":["C:\\Users\\Busayo\\.cache\\firebase\\emulators\\ui-v1.3.0\\server.bundle.js"],"optionalArgs":[],"joinArgs":false} {"metadata":{"emulator":{"name":"ui"},"message":"Starting Emulator UI with command {\"binary\":\"node\",\"args\":[\"C:\\\\Users\\\\Busayo\\\\.cache\\\\firebase\\\\emulators\\\\ui-v1.3.0\\\\server.bundle.js\"],\"optionalArgs\":[],\"joinArgs\":false}"}}
[info] i  ui: Emulator UI logging to ui-debug.log {"metadata":{"emulator":{"name":"ui"},"message":"Emulator UI logging to \u001b[1mui-debug.log\u001b[22m"}}
[debug] [2020-12-06T04:19:08.741Z] Web / API server started at http://localhost:4000
 {"metadata":{"emulator":{"name":"ui"},"message":"Web / API server started at http://localhost:4000\n"}}
[info] i  functions: Watching "C:\react-dev\amazon-clone\functions" for Cloud Functions... {"metadata":{"emulator":{"name":"functions"},"message":"Watching \"C:\\react-dev\\amazon-clone\\functions\" for Cloud Functions..."}}
[debug] [2020-12-06T04:19:08.809Z] [worker-pool] addWorker(~diagnostic~) {"metadata":{"emulator":{"name":"functions"},"message":"[worker-pool] addWorker(~diagnostic~)"}}
[debug] [2020-12-06T04:19:08.810Z] [worker-pool] Adding worker with key ~diagnostic~, total=1 {"metadata":{"emulator":{"name":"functions"},"message":"[worker-pool] Adding worker with key ~diagnostic~, total=1"}}
[debug] [2020-12-06T04:19:08.810Z] [worker-pool] submitWork(triggerId=) {"metadata":{"emulator":{"name":"functions"},"message":"[worker-pool] submitWork(triggerId=)"}}
[debug] [2020-12-06T04:19:08.811Z] [worker-~diagnostic~-ff90b6ef-e19e-4b08-9327-09ce9aeab9f0]: Assigning socketPath: \\?\pipe\C:\react-dev\amazon-clone\functions\11448 {"metadata":{"emulator":{"name":"functions"},"message":"[worker-~diagnostic~-ff90b6ef-e19e-4b08-9327-09ce9aeab9f0]: Assigning socketPath: \\\\?\\pipe\\C:\\react-dev\\amazon-clone\\functions\\11448"}}
[debug] [2020-12-06T04:19:08.812Z] [worker-~diagnostic~-ff90b6ef-e19e-4b08-9327-09ce9aeab9f0]: BUSY {"metadata":{"emulator":{"name":"functions"},"message":"[worker-~diagnostic~-ff90b6ef-e19e-4b08-9327-09ce9aeab9f0]: BUSY"}}
[debug] [2020-12-06T04:19:09.670Z] [runtime-status] [11448] Functions runtime initialized. {"cwd":"C:\\react-dev\\amazon-clone\\functions","node_version":"14.15.1"} {"metadata":{"emulator":{"name":"functions"},"message":"[runtime-status] [11448] Functions runtime initialized. {\"cwd\":\"C:\\\\react-dev\\\\amazon-clone\\\\functions\",\"node_version\":\"14.15.1\"}"}}
[debug] [2020-12-06T04:19:09.676Z] [runtime-status] [11448] Disabled runtime features: undefined {"metadata":{"emulator":{"name":"functions"},"message":"[runtime-status] [11448] Disabled runtime features: undefined"}}
[debug] [2020-12-06T04:19:09.683Z] [runtime-status] [11448] Resolved module firebase-admin {"declared":true,"installed":true,"version":"9.4.1","resolution":"C:\\react-dev\\amazon-clone\\functions\\node_modules\\firebase-admin\\lib\\index.js"} {"metadata":{"emulator":{"name":"functions"},"message":"[runtime-status] [11448] Resolved module firebase-admin {\"declared\":true,\"installed\":true,\"version\":\"9.4.1\",\"resolution\":\"C:\\\\react-dev\\\\amazon-clone\\\\functions\\\\node_modules\\\\firebase-admin\\\\lib\\\\index.js\"}"}}
[debug] [2020-12-06T04:19:09.687Z] [runtime-status] [11448] Resolved module firebase-functions {"declared":true,"installed":true,"version":"3.12.0","resolution":"C:\\react-dev\\amazon-clone\\functions\\node_modules\\firebase-functions\\lib\\index.js"} {"metadata":{"emulator":{"name":"functions"},"message":"[runtime-status] [11448] Resolved module firebase-functions {\"declared\":true,\"installed\":true,\"version\":\"3.12.0\",\"resolution\":\"C:\\\\react-dev\\\\amazon-clone\\\\functions\\\\node_modules\\\\firebase-functions\\\\lib\\\\index.js\"}"}}
[debug] [2020-12-06T04:19:09.690Z] [runtime-status] [11448] Resolved module firebase-functions {"declared":true,"installed":true,"version":"3.12.0","resolution":"C:\\react-dev\\amazon-clone\\functions\\node_modules\\firebase-functions\\lib\\index.js"} {"metadata":{"emulator":{"name":"functions"},"message":"[runtime-status] [11448] Resolved module firebase-functions {\"declared\":true,\"installed\":true,\"version\":\"3.12.0\",\"resolution\":\"C:\\\\react-dev\\\\amazon-clone\\\\functions\\\\node_modules\\\\firebase-functions\\\\lib\\\\index.js\"}"}}
[debug] [2020-12-06T04:19:09.694Z] [runtime-status] [11448] Outgoing network have been stubbed. [{"name":"http","status":"mocked"},{"name":"http","status":"mocked"},{"name":"https","status":"mocked"},{"name":"https","status":"mocked"},{"name":"net","status":"mocked"}] {"metadata":{"emulator":{"name":"functions"},"message":"[runtime-status] [11448] Outgoing network have been stubbed. [{\"name\":\"http\",\"status\":\"mocked\"},{\"name\":\"http\",\"status\":\"mocked\"},{\"name\":\"https\",\"status\":\"mocked\"},{\"name\":\"https\",\"status\":\"mocked\"},{\"name\":\"net\",\"status\":\"mocked\"}]"}}
[debug] [2020-12-06T04:19:09.695Z] [runtime-status] [11448] Resolved module firebase-functions {"declared":true,"installed":true,"version":"3.12.0","resolution":"C:\\react-dev\\amazon-clone\\functions\\node_modules\\firebase-functions\\lib\\index.js"} {"metadata":{"emulator":{"name":"functions"},"message":"[runtime-status] [11448] Resolved module firebase-functions {\"declared\":true,\"installed\":true,\"version\":\"3.12.0\",\"resolution\":\"C:\\\\react-dev\\\\amazon-clone\\\\functions\\\\node_modules\\\\firebase-functions\\\\lib\\\\index.js\"}"}}
[debug] [2020-12-06T04:19:09.824Z] [runtime-status] [11448] Checked functions.config() {"config":{}} {"metadata":{"emulator":{"name":"functions"},"message":"[runtime-status] [11448] Checked functions.config() {\"config\":{}}"}}
[debug] [2020-12-06T04:19:09.825Z] [runtime-status] [11448] firebase-functions has been stubbed. {"functionsResolution":{"declared":true,"installed":true,"version":"3.12.0","resolution":"C:\\react-dev\\amazon-clone\\functions\\node_modules\\firebase-functions\\lib\\index.js"}} {"metadata":{"emulator":{"name":"functions"},"message":"[runtime-status] [11448] firebase-functions has been stubbed. {\"functionsResolution\":{\"declared\":true,\"installed\":true,\"version\":\"3.12.0\",\"resolution\":\"C:\\\\react-dev\\\\amazon-clone\\\\functions\\\\node_modules\\\\firebase-functions\\\\lib\\\\index.js\"}}"}}
[debug] [2020-12-06T04:19:09.826Z] [runtime-status] [11448] Resolved module firebase-functions {"declared":true,"installed":true,"version":"3.12.0","resolution":"C:\\react-dev\\amazon-clone\\functions\\node_modules\\firebase-functions\\lib\\index.js"} {"metadata":{"emulator":{"name":"functions"},"message":"[runtime-status] [11448] Resolved module firebase-functions {\"declared\":true,\"installed\":true,\"version\":\"3.12.0\",\"resolution\":\"C:\\\\react-dev\\\\amazon-clone\\\\functions\\\\node_modules\\\\firebase-functions\\\\lib\\\\index.js\"}"}}
[debug] [2020-12-06T04:19:09.830Z] [runtime-status] [11448] Resolved module firebase-admin {"declared":true,"installed":true,"version":"9.4.1","resolution":"C:\\react-dev\\amazon-clone\\functions\\node_modules\\firebase-admin\\lib\\index.js"} {"metadata":{"emulator":{"name":"functions"},"message":"[runtime-status] [11448] Resolved module firebase-admin {\"declared\":true,\"installed\":true,\"version\":\"9.4.1\",\"resolution\":\"C:\\\\react-dev\\\\amazon-clone\\\\functions\\\\node_modules\\\\firebase-admin\\\\lib\\\\index.js\"}"}}
[debug] [2020-12-06T04:19:09.831Z] [runtime-status] [11448] Resolved module firebase-functions {"declared":true,"installed":true,"version":"3.12.0","resolution":"C:\\react-dev\\amazon-clone\\functions\\node_modules\\firebase-functions\\lib\\index.js"} {"metadata":{"emulator":{"name":"functions"},"message":"[runtime-status] [11448] Resolved module firebase-functions {\"declared\":true,\"installed\":true,\"version\":\"3.12.0\",\"resolution\":\"C:\\\\react-dev\\\\amazon-clone\\\\functions\\\\node_modules\\\\firebase-functions\\\\lib\\\\index.js\"}"}}
[debug] [2020-12-06T04:19:09.832Z] [runtime-status] [11448] firebase-admin has been stubbed. {"adminResolution":{"declared":true,"installed":true,"version":"9.4.1","resolution":"C:\\react-dev\\amazon-clone\\functions\\node_modules\\firebase-admin\\lib\\index.js"}} {"metadata":{"emulator":{"name":"functions"},"message":"[runtime-status] [11448] firebase-admin has been stubbed. {\"adminResolution\":{\"declared\":true,\"installed\":true,\"version\":\"9.4.1\",\"resolution\":\"C:\\\\react-dev\\\\amazon-clone\\\\functions\\\\node_modules\\\\firebase-admin\\\\lib\\\\index.js\"}}"}}
[info] +  functions[api]: http function initialized (http://localhost:5001/clone-1b332/us-central1/api). {"metadata":{"emulator":{"name":"functions"},"message":"\u001b[1mhttp\u001b[22m function initialized (http://localhost:5001/clone-1b332/us-central1/api)."}}
[info] 
┌────────────────────────────────────────────────────────────────┐
│ ✔  All emulators ready! View status and logs at localhost:4000 │
└────────────────────────────────────────────────────────────────┘

┌───────────┬────────────────┬──────────────────────────┐
│ Emulator  │ Host:Port      │ View in Emulator UI      │
├───────────┼────────────────┼──────────────────────────┤
│ Functions │ localhost:5001 │ localhost:4000/functions │
├───────────┼────────────────┼──────────────────────────┤
│ Hosting   │ localhost:5000 │ n/a                      │
└───────────┴────────────────┴──────────────────────────┘
  Other reserved ports: 4400, 4500

Issues? Report them at https://github.com/firebase/firebase-tools/issues and attach the *-debug.log files.
 
[debug] [2020-12-06T04:19:10.277Z] [worker-~diagnostic~-ff90b6ef-e19e-4b08-9327-09ce9aeab9f0]: IDLE {"metadata":{"emulator":{"name":"functions"},"message":"[worker-~diagnostic~-ff90b6ef-e19e-4b08-9327-09ce9aeab9f0]: IDLE"}}
[debug] [2020-12-06T04:20:24.332Z] [work-queue] {"queueLength":1,"workRunningCount":0}
[debug] [2020-12-06T04:20:24.343Z] [work-queue] {"queueLength":0,"workRunningCount":1}
[debug] [2020-12-06T04:20:24.346Z] Accepted request POST /clone-1b332/us-central1/api/payments/create?total=20964 --> api
[debug] [2020-12-06T04:20:24.402Z] [worker-pool] addWorker(api) {"metadata":{"emulator":{"name":"functions"},"message":"[worker-pool] addWorker(api)"}}
[debug] [2020-12-06T04:20:24.403Z] [worker-pool] Adding worker with key api, total=1 {"metadata":{"emulator":{"name":"functions"},"message":"[worker-pool] Adding worker with key api, total=1"}}
[debug] [2020-12-06T04:20:24.404Z] [worker-pool] submitWork(triggerId=api) {"metadata":{"emulator":{"name":"functions"},"message":"[worker-pool] submitWork(triggerId=api)"}}
[debug] [2020-12-06T04:20:24.405Z] [worker-api-82f5bc8f-dae6-4aac-81da-d4bb8bdc42f9]: Assigning socketPath: \\?\pipe\C:\react-dev\amazon-clone\functions\13140 {"metadata":{"emulator":{"name":"functions"},"message":"[worker-api-82f5bc8f-dae6-4aac-81da-d4bb8bdc42f9]: Assigning socketPath: \\\\?\\pipe\\C:\\react-dev\\amazon-clone\\functions\\13140"}}
[debug] [2020-12-06T04:20:24.405Z] [worker-api-82f5bc8f-dae6-4aac-81da-d4bb8bdc42f9]: BUSY {"metadata":{"emulator":{"name":"functions"},"message":"[worker-api-82f5bc8f-dae6-4aac-81da-d4bb8bdc42f9]: BUSY"}}
[debug] [2020-12-06T04:20:25.952Z] [runtime-status] [13140] Functions runtime initialized. {"cwd":"C:\\react-dev\\amazon-clone\\functions","node_version":"14.15.1"} {"metadata":{"emulator":{"name":"functions"},"function":{"name":"api"},"message":"[runtime-status] [13140] Functions runtime initialized. {\"cwd\":\"C:\\\\react-dev\\\\amazon-clone\\\\functions\",\"node_version\":\"14.15.1\"}"}}
[debug] [2020-12-06T04:20:25.959Z] [runtime-status] [13140] Disabled runtime features: undefined {"metadata":{"emulator":{"name":"functions"},"function":{"name":"api"},"message":"[runtime-status] [13140] Disabled runtime features: undefined"}}
[debug] [2020-12-06T04:20:25.975Z] [runtime-status] [13140] Resolved module firebase-admin {"declared":true,"installed":true,"version":"9.4.1","resolution":"C:\\react-dev\\amazon-clone\\functions\\node_modules\\firebase-admin\\lib\\index.js"} {"metadata":{"emulator":{"name":"functions"},"function":{"name":"api"},"message":"[runtime-status] [13140] Resolved module firebase-admin {\"declared\":true,\"installed\":true,\"version\":\"9.4.1\",\"resolution\":\"C:\\\\react-dev\\\\amazon-clone\\\\functions\\\\node_modules\\\\firebase-admin\\\\lib\\\\index.js\"}"}}
[debug] [2020-12-06T04:20:25.984Z] [runtime-status] [13140] Resolved module firebase-functions {"declared":true,"installed":true,"version":"3.12.0","resolution":"C:\\react-dev\\amazon-clone\\functions\\node_modules\\firebase-functions\\lib\\index.js"} {"metadata":{"emulator":{"name":"functions"},"function":{"name":"api"},"message":"[runtime-status] [13140] Resolved module firebase-functions {\"declared\":true,\"installed\":true,\"version\":\"3.12.0\",\"resolution\":\"C:\\\\react-dev\\\\amazon-clone\\\\functions\\\\node_modules\\\\firebase-functions\\\\lib\\\\index.js\"}"}}
[debug] [2020-12-06T04:20:25.993Z] [runtime-status] [13140] Resolved module firebase-functions {"declared":true,"installed":true,"version":"3.12.0","resolution":"C:\\react-dev\\amazon-clone\\functions\\node_modules\\firebase-functions\\lib\\index.js"} {"metadata":{"emulator":{"name":"functions"},"function":{"name":"api"},"message":"[runtime-status] [13140] Resolved module firebase-functions {\"declared\":true,\"installed\":true,\"version\":\"3.12.0\",\"resolution\":\"C:\\\\react-dev\\\\amazon-clone\\\\functions\\\\node_modules\\\\firebase-functions\\\\lib\\\\index.js\"}"}}
[debug] [2020-12-06T04:20:25.999Z] [runtime-status] [13140] Outgoing network have been stubbed. [{"name":"http","status":"mocked"},{"name":"http","status":"mocked"},{"name":"https","status":"mocked"},{"name":"https","status":"mocked"},{"name":"net","status":"mocked"}] {"metadata":{"emulator":{"name":"functions"},"function":{"name":"api"},"message":"[runtime-status] [13140] Outgoing network have been stubbed. [{\"name\":\"http\",\"status\":\"mocked\"},{\"name\":\"http\",\"status\":\"mocked\"},{\"name\":\"https\",\"status\":\"mocked\"},{\"name\":\"https\",\"status\":\"mocked\"},{\"name\":\"net\",\"status\":\"mocked\"}]"}}
[debug] [2020-12-06T04:20:26.000Z] [runtime-status] [13140] Resolved module firebase-functions {"declared":true,"installed":true,"version":"3.12.0","resolution":"C:\\react-dev\\amazon-clone\\functions\\node_modules\\firebase-functions\\lib\\index.js"} {"metadata":{"emulator":{"name":"functions"},"function":{"name":"api"},"message":"[runtime-status] [13140] Resolved module firebase-functions {\"declared\":true,\"installed\":true,\"version\":\"3.12.0\",\"resolution\":\"C:\\\\react-dev\\\\amazon-clone\\\\functions\\\\node_modules\\\\firebase-functions\\\\lib\\\\index.js\"}"}}
[debug] [2020-12-06T04:20:26.166Z] [runtime-status] [13140] Checked functions.config() {"config":{}} {"metadata":{"emulator":{"name":"functions"},"function":{"name":"api"},"message":"[runtime-status] [13140] Checked functions.config() {\"config\":{}}"}}
[debug] [2020-12-06T04:20:26.167Z] [runtime-status] [13140] firebase-functions has been stubbed. {"functionsResolution":{"declared":true,"installed":true,"version":"3.12.0","resolution":"C:\\react-dev\\amazon-clone\\functions\\node_modules\\firebase-functions\\lib\\index.js"}} {"metadata":{"emulator":{"name":"functions"},"function":{"name":"api"},"message":"[runtime-status] [13140] firebase-functions has been stubbed. {\"functionsResolution\":{\"declared\":true,\"installed\":true,\"version\":\"3.12.0\",\"resolution\":\"C:\\\\react-dev\\\\amazon-clone\\\\functions\\\\node_modules\\\\firebase-functions\\\\lib\\\\index.js\"}}"}}
[debug] [2020-12-06T04:20:26.170Z] [runtime-status] [13140] Resolved module firebase-functions {"declared":true,"installed":true,"version":"3.12.0","resolution":"C:\\react-dev\\amazon-clone\\functions\\node_modules\\firebase-functions\\lib\\index.js"} {"metadata":{"emulator":{"name":"functions"},"function":{"name":"api"},"message":"[runtime-status] [13140] Resolved module firebase-functions {\"declared\":true,\"installed\":true,\"version\":\"3.12.0\",\"resolution\":\"C:\\\\react-dev\\\\amazon-clone\\\\functions\\\\node_modules\\\\firebase-functions\\\\lib\\\\index.js\"}"}}
[debug] [2020-12-06T04:20:26.172Z] [runtime-status] [13140] Resolved module firebase-admin {"declared":true,"installed":true,"version":"9.4.1","resolution":"C:\\react-dev\\amazon-clone\\functions\\node_modules\\firebase-admin\\lib\\index.js"} {"metadata":{"emulator":{"name":"functions"},"function":{"name":"api"},"message":"[runtime-status] [13140] Resolved module firebase-admin {\"declared\":true,\"installed\":true,\"version\":\"9.4.1\",\"resolution\":\"C:\\\\react-dev\\\\amazon-clone\\\\functions\\\\node_modules\\\\firebase-admin\\\\lib\\\\index.js\"}"}}
[debug] [2020-12-06T04:20:26.173Z] [runtime-status] [13140] Resolved module firebase-functions {"declared":true,"installed":true,"version":"3.12.0","resolution":"C:\\react-dev\\amazon-clone\\functions\\node_modules\\firebase-functions\\lib\\index.js"} {"metadata":{"emulator":{"name":"functions"},"function":{"name":"api"},"message":"[runtime-status] [13140] Resolved module firebase-functions {\"declared\":true,\"installed\":true,\"version\":\"3.12.0\",\"resolution\":\"C:\\\\react-dev\\\\amazon-clone\\\\functions\\\\node_modules\\\\firebase-functions\\\\lib\\\\index.js\"}"}}
[debug] [2020-12-06T04:20:26.174Z] [runtime-status] [13140] firebase-admin has been stubbed. {"adminResolution":{"declared":true,"installed":true,"version":"9.4.1","resolution":"C:\\react-dev\\amazon-clone\\functions\\node_modules\\firebase-admin\\lib\\index.js"}} {"metadata":{"emulator":{"name":"functions"},"function":{"name":"api"},"message":"[runtime-status] [13140] firebase-admin has been stubbed. {\"adminResolution\":{\"declared\":true,\"installed\":true,\"version\":\"9.4.1\",\"resolution\":\"C:\\\\react-dev\\\\amazon-clone\\\\functions\\\\node_modules\\\\firebase-admin\\\\lib\\\\index.js\"}}"}}
[debug] [2020-12-06T04:20:26.739Z] [runtime-status] [13140] Trigger "api" has been found, beginning invocation! {"metadata":{"emulator":{"name":"functions"},"function":{"name":"api"},"message":"[runtime-status] [13140] Trigger \"api\" has been found, beginning invocation!"}}
[info] i  functions: Beginning execution of "api" {"metadata":{"emulator":{"name":"functions"},"function":{"name":"api"},"message":"Beginning execution of \"api\""}}
[debug] [2020-12-06T04:20:26.745Z] [runtime-status] [13140] triggerDefinition {"httpsTrigger":{},"name":"api","entryPoint":"api"} {"metadata":{"emulator":{"name":"functions"},"function":{"name":"api"},"message":"[runtime-status] [13140] triggerDefinition {\"httpsTrigger\":{},\"name\":\"api\",\"entryPoint\":\"api\"}"}}
[debug] [2020-12-06T04:20:26.746Z] [runtime-status] [13140] Running api in mode HTTPS {"metadata":{"emulator":{"name":"functions"},"function":{"name":"api"},"message":"[runtime-status] [13140] Running api in mode HTTPS"}}
[debug] [2020-12-06T04:20:26.755Z] [runtime-status] [13140] Attempting to listen to socketPath: \\?\pipe\C:\react-dev\amazon-clone\functions\13140 {"metadata":{"emulator":{"name":"functions"},"function":{"name":"api"},"message":"[runtime-status] [13140] Attempting to listen to socketPath: \\\\?\\pipe\\C:\\react-dev\\amazon-clone\\functions\\13140"}}
[debug] [2020-12-06T04:20:26.770Z] [functions] Runtime ready! Sending request! {"metadata":{"emulator":{"name":"functions"},"message":"[functions] Runtime ready! Sending request!"}}
[debug] [2020-12-06T04:20:26.810Z] [runtime-status] [13140] Ephemeral server handling POST request {"metadata":{"emulator":{"name":"functions"},"function":{"name":"api"},"message":"[runtime-status] [13140] Ephemeral server handling POST request"}}
[info] >  rex { total: '20964' } {"user":"rex { total: '20964' }","metadata":{"emulator":{"name":"functions"},"function":{"name":"api"},"message":"\u001b[90m> \u001b[39m rex { total: '20964' }"}}
[debug] [2020-12-06T04:20:26.844Z] [runtime-status] [13140] Ephemeral server survived. {"metadata":{"emulator":{"name":"functions"},"function":{"name":"api"},"message":"[runtime-status] [13140] Ephemeral server survived."}}
[info] i  functions: Finished "api" in ~1s {"metadata":{"emulator":{"name":"functions"},"function":{"name":"api"},"message":"Finished \"api\" in ~1s"}}
[debug] [2020-12-06T04:20:28.284Z] [worker-api-82f5bc8f-dae6-4aac-81da-d4bb8bdc42f9]: IDLE {"metadata":{"emulator":{"name":"functions"},"message":"[worker-api-82f5bc8f-dae6-4aac-81da-d4bb8bdc42f9]: IDLE"}}
[debug] [2020-12-06T04:20:28.286Z] [work-queue] {"queueLength":0,"workRunningCount":0}
[debug] [2020-12-06T04:22:04.283Z] File C:\react-dev\amazon-clone\functions\index.js changed, reloading triggers {"metadata":{"emulator":{"name":"functions"},"message":"File C:\\react-dev\\amazon-clone\\functions\\index.js changed, reloading triggers"}}
